2015-01-20 11:06:03.569  INFO   --- [main] o.s.t.c.web.WebTestContextBootstrapper   : Loaded default TestExecutionListener class names from location [META-INF/spring.factories]: [org.springframework.test.context.web.ServletTestExecutionListener, org.springframework.test.context.support.DependencyInjectionTestExecutionListener, org.springframework.test.context.support.DirtiesContextTestExecutionListener, org.springframework.test.context.transaction.TransactionalTestExecutionListener, org.springframework.test.context.jdbc.SqlScriptsTestExecutionListener]
2015-01-20 11:06:03.593  INFO   --- [main] o.s.t.c.web.WebTestContextBootstrapper   : Using TestExecutionListeners: [org.springframework.test.context.web.ServletTestExecutionListener@15475116, org.springframework.test.context.support.DependencyInjectionTestExecutionListener@7d1c8643, org.springframework.test.context.support.DirtiesContextTestExecutionListener@5bb2d8e0, org.springframework.test.context.transaction.TransactionalTestExecutionListener@3abc8928, org.springframework.test.context.jdbc.SqlScriptsTestExecutionListener@2fd0bf38]
2015-01-20 11:06:03.857  INFO 4852 --- [main] o.a.maven.surefire.booter.ForkedBooter   : Starting ForkedBooter v2.17 on WSTDSK7TYTD2S with PID 4852 (C:\Users\parks\.m2\repository\org\apache\maven\surefire\surefire-booter\2.17\surefire-booter-2.17.jar started by parks in C:\MyRepository\report-annotation)
2015-01-20 11:06:03.918  INFO 4852 --- [main] o.s.w.c.s.GenericWebApplicationContext   : Refreshing org.springframework.web.context.support.GenericWebApplicationContext@705ffe55: startup date [Tue Jan 20 11:06:03 EST 2015]; root of context hierarchy
2015-01-20 11:06:05.181  INFO 4852 --- [main] trationDelegate$BeanPostProcessorChecker : Bean 'org.springframework.scheduling.annotation.ProxyAsyncConfiguration' of type [class org.springframework.scheduling.annotation.ProxyAsyncConfiguration$$EnhancerBySpringCGLIB$$c7a22c2d] is not eligible for getting processed by all BeanPostProcessors (for example: not eligible for auto-proxying)
2015-01-20 11:06:05.303  INFO 4852 --- [main] trationDelegate$BeanPostProcessorChecker : Bean 'org.springframework.transaction.annotation.ProxyTransactionManagementConfiguration' of type [class org.springframework.transaction.annotation.ProxyTransactionManagementConfiguration$$EnhancerBySpringCGLIB$$b07db3ec] is not eligible for getting processed by all BeanPostProcessors (for example: not eligible for auto-proxying)
2015-01-20 11:06:05.316  INFO 4852 --- [main] trationDelegate$BeanPostProcessorChecker : Bean 'transactionAttributeSource' of type [class org.springframework.transaction.annotation.AnnotationTransactionAttributeSource] is not eligible for getting processed by all BeanPostProcessors (for example: not eligible for auto-proxying)
2015-01-20 11:06:05.325  INFO 4852 --- [main] trationDelegate$BeanPostProcessorChecker : Bean 'transactionInterceptor' of type [class org.springframework.transaction.interceptor.TransactionInterceptor] is not eligible for getting processed by all BeanPostProcessors (for example: not eligible for auto-proxying)
2015-01-20 11:06:05.330  INFO 4852 --- [main] trationDelegate$BeanPostProcessorChecker : Bean 'org.springframework.transaction.config.internalTransactionAdvisor' of type [class org.springframework.transaction.interceptor.BeanFactoryTransactionAttributeSourceAdvisor] is not eligible for getting processed by all BeanPostProcessors (for example: not eligible for auto-proxying)
2015-01-20 11:06:06.132  INFO 4852 --- [main] j.LocalContainerEntityManagerFactoryBean : Building JPA container EntityManagerFactory for persistence unit 'default'
2015-01-20 11:06:06.152  INFO 4852 --- [main] o.hibernate.jpa.internal.util.LogHelper  : HHH000204: Processing PersistenceUnitInfo [
	name: default
	...]
2015-01-20 11:06:06.223  INFO 4852 --- [main] org.hibernate.Version                    : HHH000412: Hibernate Core {4.3.7.Final}
2015-01-20 11:06:06.225  INFO 4852 --- [main] org.hibernate.cfg.Environment            : HHH000206: hibernate.properties not found
2015-01-20 11:06:06.226  INFO 4852 --- [main] org.hibernate.cfg.Environment            : HHH000021: Bytecode provider name : javassist
2015-01-20 11:06:06.400  INFO 4852 --- [main] o.hibernate.annotations.common.Version   : HCANN000001: Hibernate Commons Annotations {4.0.5.Final}
2015-01-20 11:06:06.458  INFO 4852 --- [main] org.hibernate.dialect.Dialect            : HHH000400: Using dialect: org.hibernate.dialect.HSQLDialect
2015-01-20 11:06:06.559  INFO 4852 --- [main] o.h.h.i.ast.ASTQueryTranslatorFactory    : HHH000397: Using ASTQueryTranslatorFactory
2015-01-20 11:06:06.807  INFO 4852 --- [main] org.hibernate.tool.hbm2ddl.SchemaExport  : HHH000227: Running hbm2ddl schema export
2015-01-20 11:06:06.818  INFO 4852 --- [main] org.hibernate.tool.hbm2ddl.SchemaExport  : HHH000230: Schema export complete
2015-01-20 11:06:07.311  INFO 4852 --- [main] s.w.s.m.m.a.RequestMappingHandlerMapping : Mapped "{[/brewer/contacts],methods=[],params=[],headers=[],consumes=[],produces=[],custom=[]}" onto public org.springframework.web.servlet.ModelAndView com.sungung.controller.BrewerController.address(javax.servlet.http.HttpServletRequest)
2015-01-20 11:06:07.311  INFO 4852 --- [main] s.w.s.m.m.a.RequestMappingHandlerMapping : Mapped "{[/brewer],methods=[],params=[],headers=[],consumes=[],produces=[],custom=[]}" onto public org.springframework.web.servlet.ModelAndView com.sungung.controller.BrewerController.brewers()
2015-01-20 11:06:07.315  INFO 4852 --- [main] s.w.s.m.m.a.RequestMappingHandlerMapping : Mapped "{[/error],methods=[],params=[],headers=[],consumes=[],produces=[],custom=[]}" onto public org.springframework.http.ResponseEntity<java.util.Map<java.lang.String, java.lang.Object>> org.springframework.boot.autoconfigure.web.BasicErrorController.error(javax.servlet.http.HttpServletRequest)
2015-01-20 11:06:07.316  INFO 4852 --- [main] s.w.s.m.m.a.RequestMappingHandlerMapping : Mapped "{[/error],methods=[],params=[],headers=[],consumes=[],produces=[text/html],custom=[]}" onto public org.springframework.web.servlet.ModelAndView org.springframework.boot.autoconfigure.web.BasicErrorController.errorHtml(javax.servlet.http.HttpServletRequest)
2015-01-20 11:06:07.550  INFO 4852 --- [main] s.w.s.m.m.a.RequestMappingHandlerAdapter : Looking for @ControllerAdvice: org.springframework.web.context.support.GenericWebApplicationContext@705ffe55: startup date [Tue Jan 20 11:06:03 EST 2015]; root of context hierarchy
2015-01-20 11:06:08.163  INFO 4852 --- [main] o.a.maven.surefire.booter.ForkedBooter   : Started ForkedBooter in 4.484 seconds (JVM running for 5.142)
2015-01-20 11:06:08.844  INFO 4852 --- [Thread-1] o.s.w.c.s.GenericWebApplicationContext   : Closing org.springframework.web.context.support.GenericWebApplicationContext@705ffe55: startup date [Tue Jan 20 11:06:03 EST 2015]; root of context hierarchy
2015-01-20 11:06:08.851  INFO 4852 --- [Thread-1] j.LocalContainerEntityManagerFactoryBean : Closing JPA EntityManagerFactory for persistence unit 'default'
2015-01-20 11:06:08.852  INFO 4852 --- [Thread-1] org.hibernate.tool.hbm2ddl.SchemaExport  : HHH000227: Running hbm2ddl schema export
2015-01-20 11:06:08.853  INFO 4852 --- [Thread-1] org.hibernate.tool.hbm2ddl.SchemaExport  : HHH000230: Schema export complete
2015-01-20 11:11:45.103  INFO   --- [main] o.s.t.c.web.WebTestContextBootstrapper   : Loaded default TestExecutionListener class names from location [META-INF/spring.factories]: [org.springframework.test.context.web.ServletTestExecutionListener, org.springframework.test.context.support.DependencyInjectionTestExecutionListener, org.springframework.test.context.support.DirtiesContextTestExecutionListener, org.springframework.test.context.transaction.TransactionalTestExecutionListener, org.springframework.test.context.jdbc.SqlScriptsTestExecutionListener]
2015-01-20 11:11:45.127  INFO   --- [main] o.s.t.c.web.WebTestContextBootstrapper   : Using TestExecutionListeners: [org.springframework.test.context.web.ServletTestExecutionListener@7d1c8643, org.springframework.test.context.support.DependencyInjectionTestExecutionListener@5bb2d8e0, org.springframework.test.context.support.DirtiesContextTestExecutionListener@3abc8928, org.springframework.test.context.transaction.TransactionalTestExecutionListener@2fd0bf38, org.springframework.test.context.jdbc.SqlScriptsTestExecutionListener@31ba0e0e]
2015-01-20 11:11:45.390  INFO 5660 --- [main] o.a.maven.surefire.booter.ForkedBooter   : Starting ForkedBooter v2.17 on WSTDSK7TYTD2S with PID 5660 (C:\Users\parks\.m2\repository\org\apache\maven\surefire\surefire-booter\2.17\surefire-booter-2.17.jar started by parks in C:\MyRepository\report-annotation)
2015-01-20 11:11:45.450  INFO 5660 --- [main] o.s.w.c.s.GenericWebApplicationContext   : Refreshing org.springframework.web.context.support.GenericWebApplicationContext@2e32b816: startup date [Tue Jan 20 11:11:45 EST 2015]; root of context hierarchy
2015-01-20 11:11:46.696  INFO 5660 --- [main] trationDelegate$BeanPostProcessorChecker : Bean 'org.springframework.scheduling.annotation.ProxyAsyncConfiguration' of type [class org.springframework.scheduling.annotation.ProxyAsyncConfiguration$$EnhancerBySpringCGLIB$$45da5431] is not eligible for getting processed by all BeanPostProcessors (for example: not eligible for auto-proxying)
2015-01-20 11:11:46.817  INFO 5660 --- [main] trationDelegate$BeanPostProcessorChecker : Bean 'org.springframework.transaction.annotation.ProxyTransactionManagementConfiguration' of type [class org.springframework.transaction.annotation.ProxyTransactionManagementConfiguration$$EnhancerBySpringCGLIB$$2eb5dbf0] is not eligible for getting processed by all BeanPostProcessors (for example: not eligible for auto-proxying)
2015-01-20 11:11:46.829  INFO 5660 --- [main] trationDelegate$BeanPostProcessorChecker : Bean 'transactionAttributeSource' of type [class org.springframework.transaction.annotation.AnnotationTransactionAttributeSource] is not eligible for getting processed by all BeanPostProcessors (for example: not eligible for auto-proxying)
2015-01-20 11:11:46.838  INFO 5660 --- [main] trationDelegate$BeanPostProcessorChecker : Bean 'transactionInterceptor' of type [class org.springframework.transaction.interceptor.TransactionInterceptor] is not eligible for getting processed by all BeanPostProcessors (for example: not eligible for auto-proxying)
2015-01-20 11:11:46.843  INFO 5660 --- [main] trationDelegate$BeanPostProcessorChecker : Bean 'org.springframework.transaction.config.internalTransactionAdvisor' of type [class org.springframework.transaction.interceptor.BeanFactoryTransactionAttributeSourceAdvisor] is not eligible for getting processed by all BeanPostProcessors (for example: not eligible for auto-proxying)
2015-01-20 11:11:47.623  INFO 5660 --- [main] j.LocalContainerEntityManagerFactoryBean : Building JPA container EntityManagerFactory for persistence unit 'default'
2015-01-20 11:11:47.643  INFO 5660 --- [main] o.hibernate.jpa.internal.util.LogHelper  : HHH000204: Processing PersistenceUnitInfo [
	name: default
	...]
2015-01-20 11:11:47.716  INFO 5660 --- [main] org.hibernate.Version                    : HHH000412: Hibernate Core {4.3.7.Final}
2015-01-20 11:11:47.718  INFO 5660 --- [main] org.hibernate.cfg.Environment            : HHH000206: hibernate.properties not found
2015-01-20 11:11:47.719  INFO 5660 --- [main] org.hibernate.cfg.Environment            : HHH000021: Bytecode provider name : javassist
2015-01-20 11:11:47.893  INFO 5660 --- [main] o.hibernate.annotations.common.Version   : HCANN000001: Hibernate Commons Annotations {4.0.5.Final}
2015-01-20 11:11:47.951  INFO 5660 --- [main] org.hibernate.dialect.Dialect            : HHH000400: Using dialect: org.hibernate.dialect.HSQLDialect
2015-01-20 11:11:48.052  INFO 5660 --- [main] o.h.h.i.ast.ASTQueryTranslatorFactory    : HHH000397: Using ASTQueryTranslatorFactory
2015-01-20 11:11:48.301  INFO 5660 --- [main] org.hibernate.tool.hbm2ddl.SchemaExport  : HHH000227: Running hbm2ddl schema export
2015-01-20 11:11:48.312  INFO 5660 --- [main] org.hibernate.tool.hbm2ddl.SchemaExport  : HHH000230: Schema export complete
2015-01-20 11:11:48.798  INFO 5660 --- [main] s.w.s.m.m.a.RequestMappingHandlerMapping : Mapped "{[/brewer/contacts],methods=[],params=[],headers=[],consumes=[],produces=[],custom=[]}" onto public org.springframework.web.servlet.ModelAndView com.sungung.controller.BrewerController.address(javax.servlet.http.HttpServletRequest)
2015-01-20 11:11:48.799  INFO 5660 --- [main] s.w.s.m.m.a.RequestMappingHandlerMapping : Mapped "{[/brewer],methods=[],params=[],headers=[],consumes=[],produces=[],custom=[]}" onto public org.springframework.web.servlet.ModelAndView com.sungung.controller.BrewerController.brewers()
2015-01-20 11:11:48.803  INFO 5660 --- [main] s.w.s.m.m.a.RequestMappingHandlerMapping : Mapped "{[/error],methods=[],params=[],headers=[],consumes=[],produces=[],custom=[]}" onto public org.springframework.http.ResponseEntity<java.util.Map<java.lang.String, java.lang.Object>> org.springframework.boot.autoconfigure.web.BasicErrorController.error(javax.servlet.http.HttpServletRequest)
2015-01-20 11:11:48.803  INFO 5660 --- [main] s.w.s.m.m.a.RequestMappingHandlerMapping : Mapped "{[/error],methods=[],params=[],headers=[],consumes=[],produces=[text/html],custom=[]}" onto public org.springframework.web.servlet.ModelAndView org.springframework.boot.autoconfigure.web.BasicErrorController.errorHtml(javax.servlet.http.HttpServletRequest)
2015-01-20 11:11:49.041  INFO 5660 --- [main] s.w.s.m.m.a.RequestMappingHandlerAdapter : Looking for @ControllerAdvice: org.springframework.web.context.support.GenericWebApplicationContext@2e32b816: startup date [Tue Jan 20 11:11:45 EST 2015]; root of context hierarchy
2015-01-20 11:11:49.612  INFO 5660 --- [main] o.a.maven.surefire.booter.ForkedBooter   : Started ForkedBooter in 4.399 seconds (JVM running for 5.077)
2015-01-20 11:11:49.889  INFO 5660 --- [Thread-1] o.s.w.c.s.GenericWebApplicationContext   : Closing org.springframework.web.context.support.GenericWebApplicationContext@2e32b816: startup date [Tue Jan 20 11:11:45 EST 2015]; root of context hierarchy
2015-01-20 11:11:49.896  INFO 5660 --- [Thread-1] j.LocalContainerEntityManagerFactoryBean : Closing JPA EntityManagerFactory for persistence unit 'default'
2015-01-20 11:11:49.897  INFO 5660 --- [Thread-1] org.hibernate.tool.hbm2ddl.SchemaExport  : HHH000227: Running hbm2ddl schema export
2015-01-20 11:11:49.898  INFO 5660 --- [Thread-1] org.hibernate.tool.hbm2ddl.SchemaExport  : HHH000230: Schema export complete
2015-01-20 11:52:46.178  INFO   --- [main] o.s.t.c.web.WebTestContextBootstrapper   : Loaded default TestExecutionListener class names from location [META-INF/spring.factories]: [org.springframework.test.context.web.ServletTestExecutionListener, org.springframework.test.context.support.DependencyInjectionTestExecutionListener, org.springframework.test.context.support.DirtiesContextTestExecutionListener, org.springframework.test.context.transaction.TransactionalTestExecutionListener, org.springframework.test.context.jdbc.SqlScriptsTestExecutionListener]
2015-01-20 11:52:46.203  INFO   --- [main] o.s.t.c.web.WebTestContextBootstrapper   : Using TestExecutionListeners: [org.springframework.test.context.web.ServletTestExecutionListener@7d1c8643, org.springframework.test.context.support.DependencyInjectionTestExecutionListener@5bb2d8e0, org.springframework.test.context.support.DirtiesContextTestExecutionListener@3abc8928, org.springframework.test.context.transaction.TransactionalTestExecutionListener@2fd0bf38, org.springframework.test.context.jdbc.SqlScriptsTestExecutionListener@31ba0e0e]
2015-01-20 11:52:46.464  INFO 3364 --- [main] o.a.maven.surefire.booter.ForkedBooter   : Starting ForkedBooter v2.17 on WSTDSK7TYTD2S with PID 3364 (C:\Users\parks\.m2\repository\org\apache\maven\surefire\surefire-booter\2.17\surefire-booter-2.17.jar started by parks in C:\MyRepository\report-annotation)
2015-01-20 11:52:46.524  INFO 3364 --- [main] o.s.w.c.s.GenericWebApplicationContext   : Refreshing org.springframework.web.context.support.GenericWebApplicationContext@2db18f22: startup date [Tue Jan 20 11:52:46 EST 2015]; root of context hierarchy
2015-01-20 11:52:47.752  INFO 3364 --- [main] trationDelegate$BeanPostProcessorChecker : Bean 'org.springframework.scheduling.annotation.ProxyAsyncConfiguration' of type [class org.springframework.scheduling.annotation.ProxyAsyncConfiguration$$EnhancerBySpringCGLIB$$f2f4c937] is not eligible for getting processed by all BeanPostProcessors (for example: not eligible for auto-proxying)
2015-01-20 11:52:47.869  INFO 3364 --- [main] trationDelegate$BeanPostProcessorChecker : Bean 'org.springframework.transaction.annotation.ProxyTransactionManagementConfiguration' of type [class org.springframework.transaction.annotation.ProxyTransactionManagementConfiguration$$EnhancerBySpringCGLIB$$dbd050f6] is not eligible for getting processed by all BeanPostProcessors (for example: not eligible for auto-proxying)
2015-01-20 11:52:47.881  INFO 3364 --- [main] trationDelegate$BeanPostProcessorChecker : Bean 'transactionAttributeSource' of type [class org.springframework.transaction.annotation.AnnotationTransactionAttributeSource] is not eligible for getting processed by all BeanPostProcessors (for example: not eligible for auto-proxying)
2015-01-20 11:52:47.889  INFO 3364 --- [main] trationDelegate$BeanPostProcessorChecker : Bean 'transactionInterceptor' of type [class org.springframework.transaction.interceptor.TransactionInterceptor] is not eligible for getting processed by all BeanPostProcessors (for example: not eligible for auto-proxying)
2015-01-20 11:52:47.894  INFO 3364 --- [main] trationDelegate$BeanPostProcessorChecker : Bean 'org.springframework.transaction.config.internalTransactionAdvisor' of type [class org.springframework.transaction.interceptor.BeanFactoryTransactionAttributeSourceAdvisor] is not eligible for getting processed by all BeanPostProcessors (for example: not eligible for auto-proxying)
2015-01-20 11:52:48.683  INFO 3364 --- [main] j.LocalContainerEntityManagerFactoryBean : Building JPA container EntityManagerFactory for persistence unit 'default'
2015-01-20 11:52:48.703  INFO 3364 --- [main] o.hibernate.jpa.internal.util.LogHelper  : HHH000204: Processing PersistenceUnitInfo [
	name: default
	...]
2015-01-20 11:52:48.774  INFO 3364 --- [main] org.hibernate.Version                    : HHH000412: Hibernate Core {4.3.7.Final}
2015-01-20 11:52:48.775  INFO 3364 --- [main] org.hibernate.cfg.Environment            : HHH000206: hibernate.properties not found
2015-01-20 11:52:48.777  INFO 3364 --- [main] org.hibernate.cfg.Environment            : HHH000021: Bytecode provider name : javassist
2015-01-20 11:52:48.947  INFO 3364 --- [main] o.hibernate.annotations.common.Version   : HCANN000001: Hibernate Commons Annotations {4.0.5.Final}
2015-01-20 11:52:49.007  INFO 3364 --- [main] org.hibernate.dialect.Dialect            : HHH000400: Using dialect: org.hibernate.dialect.HSQLDialect
2015-01-20 11:52:49.107  INFO 3364 --- [main] o.h.h.i.ast.ASTQueryTranslatorFactory    : HHH000397: Using ASTQueryTranslatorFactory
2015-01-20 11:52:49.349  INFO 3364 --- [main] org.hibernate.tool.hbm2ddl.SchemaExport  : HHH000227: Running hbm2ddl schema export
2015-01-20 11:52:49.359  INFO 3364 --- [main] org.hibernate.tool.hbm2ddl.SchemaExport  : HHH000230: Schema export complete
2015-01-20 11:52:49.838  INFO 3364 --- [main] s.w.s.m.m.a.RequestMappingHandlerMapping : Mapped "{[/brewer/contacts],methods=[],params=[],headers=[],consumes=[],produces=[],custom=[]}" onto public org.springframework.web.servlet.ModelAndView com.sungung.controller.BrewerController.address(javax.servlet.http.HttpServletRequest)
2015-01-20 11:52:49.838  INFO 3364 --- [main] s.w.s.m.m.a.RequestMappingHandlerMapping : Mapped "{[/brewer],methods=[],params=[],headers=[],consumes=[],produces=[],custom=[]}" onto public org.springframework.web.servlet.ModelAndView com.sungung.controller.BrewerController.brewers()
2015-01-20 11:52:49.843  INFO 3364 --- [main] s.w.s.m.m.a.RequestMappingHandlerMapping : Mapped "{[/error],methods=[],params=[],headers=[],consumes=[],produces=[],custom=[]}" onto public org.springframework.http.ResponseEntity<java.util.Map<java.lang.String, java.lang.Object>> org.springframework.boot.autoconfigure.web.BasicErrorController.error(javax.servlet.http.HttpServletRequest)
2015-01-20 11:52:49.843  INFO 3364 --- [main] s.w.s.m.m.a.RequestMappingHandlerMapping : Mapped "{[/error],methods=[],params=[],headers=[],consumes=[],produces=[text/html],custom=[]}" onto public org.springframework.web.servlet.ModelAndView org.springframework.boot.autoconfigure.web.BasicErrorController.errorHtml(javax.servlet.http.HttpServletRequest)
2015-01-20 11:52:50.078  INFO 3364 --- [main] s.w.s.m.m.a.RequestMappingHandlerAdapter : Looking for @ControllerAdvice: org.springframework.web.context.support.GenericWebApplicationContext@2db18f22: startup date [Tue Jan 20 11:52:46 EST 2015]; root of context hierarchy
2015-01-20 11:52:50.657  INFO 3364 --- [main] o.a.maven.surefire.booter.ForkedBooter   : Started ForkedBooter in 4.369 seconds (JVM running for 5.018)
2015-01-20 11:52:50.967  INFO 3364 --- [Thread-1] o.s.w.c.s.GenericWebApplicationContext   : Closing org.springframework.web.context.support.GenericWebApplicationContext@2db18f22: startup date [Tue Jan 20 11:52:46 EST 2015]; root of context hierarchy
2015-01-20 11:52:50.975  INFO 3364 --- [Thread-1] j.LocalContainerEntityManagerFactoryBean : Closing JPA EntityManagerFactory for persistence unit 'default'
2015-01-20 11:52:50.976  INFO 3364 --- [Thread-1] org.hibernate.tool.hbm2ddl.SchemaExport  : HHH000227: Running hbm2ddl schema export
2015-01-20 11:52:50.977  INFO 3364 --- [Thread-1] org.hibernate.tool.hbm2ddl.SchemaExport  : HHH000230: Schema export complete
2015-01-20 12:03:29.220  INFO   --- [main] o.s.t.c.web.WebTestContextBootstrapper   : Loaded default TestExecutionListener class names from location [META-INF/spring.factories]: [org.springframework.test.context.web.ServletTestExecutionListener, org.springframework.test.context.support.DependencyInjectionTestExecutionListener, org.springframework.test.context.support.DirtiesContextTestExecutionListener, org.springframework.test.context.transaction.TransactionalTestExecutionListener, org.springframework.test.context.jdbc.SqlScriptsTestExecutionListener]
2015-01-20 12:03:29.244  INFO   --- [main] o.s.t.c.web.WebTestContextBootstrapper   : Using TestExecutionListeners: [org.springframework.test.context.web.ServletTestExecutionListener@7d1c8643, org.springframework.test.context.support.DependencyInjectionTestExecutionListener@5bb2d8e0, org.springframework.test.context.support.DirtiesContextTestExecutionListener@3abc8928, org.springframework.test.context.transaction.TransactionalTestExecutionListener@2fd0bf38, org.springframework.test.context.jdbc.SqlScriptsTestExecutionListener@31ba0e0e]
2015-01-20 12:03:29.509  INFO 12184 --- [main] o.a.maven.surefire.booter.ForkedBooter   : Starting ForkedBooter v2.17 on WSTDSK7TYTD2S with PID 12184 (C:\Users\parks\.m2\repository\org\apache\maven\surefire\surefire-booter\2.17\surefire-booter-2.17.jar started by parks in C:\MyRepository\report-annotation)
2015-01-20 12:03:29.571  INFO 12184 --- [main] o.s.w.c.s.GenericWebApplicationContext   : Refreshing org.springframework.web.context.support.GenericWebApplicationContext@2e32b816: startup date [Tue Jan 20 12:03:29 EST 2015]; root of context hierarchy
2015-01-20 12:03:30.263  INFO 12184 --- [main] o.s.b.f.s.DefaultListableBeanFactory     : Overriding bean definition for bean 'beanNameViewResolver': replacing [Root bean: class [null]; scope=; abstract=false; lazyInit=false; autowireMode=3; dependencyCheck=0; autowireCandidate=true; primary=false; factoryBeanName=org.springframework.boot.autoconfigure.web.ErrorMvcAutoConfiguration$WhitelabelErrorViewConfiguration; factoryMethodName=beanNameViewResolver; initMethodName=null; destroyMethodName=(inferred); defined in class path resource [org/springframework/boot/autoconfigure/web/ErrorMvcAutoConfiguration$WhitelabelErrorViewConfiguration.class]] with [Root bean: class [null]; scope=; abstract=false; lazyInit=false; autowireMode=3; dependencyCheck=0; autowireCandidate=true; primary=false; factoryBeanName=org.springframework.boot.autoconfigure.web.WebMvcAutoConfiguration$WebMvcAutoConfigurationAdapter; factoryMethodName=beanNameViewResolver; initMethodName=null; destroyMethodName=(inferred); defined in class path resource [org/springframework/boot/autoconfigure/web/WebMvcAutoConfiguration$WebMvcAutoConfigurationAdapter.class]]
2015-01-20 12:03:30.885  INFO 12184 --- [main] trationDelegate$BeanPostProcessorChecker : Bean 'org.springframework.scheduling.annotation.ProxyAsyncConfiguration' of type [class org.springframework.scheduling.annotation.ProxyAsyncConfiguration$$EnhancerBySpringCGLIB$$32211756] is not eligible for getting processed by all BeanPostProcessors (for example: not eligible for auto-proxying)
2015-01-20 12:03:31.008  INFO 12184 --- [main] trationDelegate$BeanPostProcessorChecker : Bean 'org.springframework.transaction.annotation.ProxyTransactionManagementConfiguration' of type [class org.springframework.transaction.annotation.ProxyTransactionManagementConfiguration$$EnhancerBySpringCGLIB$$1afc9f15] is not eligible for getting processed by all BeanPostProcessors (for example: not eligible for auto-proxying)
2015-01-20 12:03:31.021  INFO 12184 --- [main] trationDelegate$BeanPostProcessorChecker : Bean 'transactionAttributeSource' of type [class org.springframework.transaction.annotation.AnnotationTransactionAttributeSource] is not eligible for getting processed by all BeanPostProcessors (for example: not eligible for auto-proxying)
2015-01-20 12:03:31.029  INFO 12184 --- [main] trationDelegate$BeanPostProcessorChecker : Bean 'transactionInterceptor' of type [class org.springframework.transaction.interceptor.TransactionInterceptor] is not eligible for getting processed by all BeanPostProcessors (for example: not eligible for auto-proxying)
2015-01-20 12:03:31.042  INFO 12184 --- [main] trationDelegate$BeanPostProcessorChecker : Bean 'org.springframework.transaction.config.internalTransactionAdvisor' of type [class org.springframework.transaction.interceptor.BeanFactoryTransactionAttributeSourceAdvisor] is not eligible for getting processed by all BeanPostProcessors (for example: not eligible for auto-proxying)
2015-01-20 12:03:31.816  INFO 12184 --- [main] j.LocalContainerEntityManagerFactoryBean : Building JPA container EntityManagerFactory for persistence unit 'default'
2015-01-20 12:03:31.836  INFO 12184 --- [main] o.hibernate.jpa.internal.util.LogHelper  : HHH000204: Processing PersistenceUnitInfo [
	name: default
	...]
2015-01-20 12:03:31.908  INFO 12184 --- [main] org.hibernate.Version                    : HHH000412: Hibernate Core {4.3.7.Final}
2015-01-20 12:03:31.909  INFO 12184 --- [main] org.hibernate.cfg.Environment            : HHH000206: hibernate.properties not found
2015-01-20 12:03:31.911  INFO 12184 --- [main] org.hibernate.cfg.Environment            : HHH000021: Bytecode provider name : javassist
2015-01-20 12:03:32.083  INFO 12184 --- [main] o.hibernate.annotations.common.Version   : HCANN000001: Hibernate Commons Annotations {4.0.5.Final}
2015-01-20 12:03:32.142  INFO 12184 --- [main] org.hibernate.dialect.Dialect            : HHH000400: Using dialect: org.hibernate.dialect.HSQLDialect
2015-01-20 12:03:32.244  INFO 12184 --- [main] o.h.h.i.ast.ASTQueryTranslatorFactory    : HHH000397: Using ASTQueryTranslatorFactory
2015-01-20 12:03:32.492  INFO 12184 --- [main] org.hibernate.tool.hbm2ddl.SchemaExport  : HHH000227: Running hbm2ddl schema export
2015-01-20 12:03:32.502  INFO 12184 --- [main] org.hibernate.tool.hbm2ddl.SchemaExport  : HHH000230: Schema export complete
2015-01-20 12:03:33.506  INFO 12184 --- [main] s.w.s.m.m.a.RequestMappingHandlerAdapter : Looking for @ControllerAdvice: org.springframework.web.context.support.GenericWebApplicationContext@2e32b816: startup date [Tue Jan 20 12:03:29 EST 2015]; root of context hierarchy
2015-01-20 12:03:33.567  INFO 12184 --- [main] s.w.s.m.m.a.RequestMappingHandlerMapping : Mapped "{[/brewer/contacts],methods=[],params=[],headers=[],consumes=[],produces=[],custom=[]}" onto public org.springframework.web.servlet.ModelAndView com.sungung.controller.BrewerController.address(javax.servlet.http.HttpServletRequest)
2015-01-20 12:03:33.568  INFO 12184 --- [main] s.w.s.m.m.a.RequestMappingHandlerMapping : Mapped "{[/brewer],methods=[],params=[],headers=[],consumes=[],produces=[],custom=[]}" onto public org.springframework.web.servlet.ModelAndView com.sungung.controller.BrewerController.brewers()
2015-01-20 12:03:33.569  INFO 12184 --- [main] s.w.s.m.m.a.RequestMappingHandlerMapping : Mapped "{[/error],methods=[],params=[],headers=[],consumes=[],produces=[],custom=[]}" onto public org.springframework.http.ResponseEntity<java.util.Map<java.lang.String, java.lang.Object>> org.springframework.boot.autoconfigure.web.BasicErrorController.error(javax.servlet.http.HttpServletRequest)
2015-01-20 12:03:33.570  INFO 12184 --- [main] s.w.s.m.m.a.RequestMappingHandlerMapping : Mapped "{[/error],methods=[],params=[],headers=[],consumes=[],produces=[text/html],custom=[]}" onto public org.springframework.web.servlet.ModelAndView org.springframework.boot.autoconfigure.web.BasicErrorController.errorHtml(javax.servlet.http.HttpServletRequest)
2015-01-20 12:03:33.619  INFO 12184 --- [main] o.s.w.s.handler.SimpleUrlHandlerMapping  : Mapped URL path [/**] onto handler of type [class org.springframework.web.servlet.resource.ResourceHttpRequestHandler]
2015-01-20 12:03:33.619  INFO 12184 --- [main] o.s.w.s.handler.SimpleUrlHandlerMapping  : Mapped URL path [/webjars/**] onto handler of type [class org.springframework.web.servlet.resource.ResourceHttpRequestHandler]
2015-01-20 12:03:33.664  INFO 12184 --- [main] o.s.w.s.handler.SimpleUrlHandlerMapping  : Mapped URL path [/**/favicon.ico] onto handler of type [class org.springframework.web.servlet.resource.ResourceHttpRequestHandler]
2015-01-20 12:03:34.170  INFO 12184 --- [main] o.a.maven.surefire.booter.ForkedBooter   : Started ForkedBooter in 4.839 seconds (JVM running for 5.494)
2015-01-20 12:03:34.405  INFO 12184 --- [Thread-1] o.s.w.c.s.GenericWebApplicationContext   : Closing org.springframework.web.context.support.GenericWebApplicationContext@2e32b816: startup date [Tue Jan 20 12:03:29 EST 2015]; root of context hierarchy
2015-01-20 12:03:34.416  INFO 12184 --- [Thread-1] j.LocalContainerEntityManagerFactoryBean : Closing JPA EntityManagerFactory for persistence unit 'default'
2015-01-20 12:03:34.416  INFO 12184 --- [Thread-1] org.hibernate.tool.hbm2ddl.SchemaExport  : HHH000227: Running hbm2ddl schema export
2015-01-20 12:03:34.417  INFO 12184 --- [Thread-1] org.hibernate.tool.hbm2ddl.SchemaExport  : HHH000230: Schema export complete
